2022-02-02 11:10:12 info: =================================
2022-02-02 11:10:12 info: ======= ENV: development =======
2022-02-02 11:10:12 info: 🚀 App listening on the port 3000
2022-02-02 11:10:12 info: =================================
2022-02-02 11:10:18 info: [0mGET / [36m304[0m 4.084 ms - -[0m
2022-02-02 11:12:27 info: [0mGET /api-docs [36m301[0m 3.074 ms - 183[0m
2022-02-02 11:12:27 info: [0mGET /api-docs/ [32m200[0m 3.954 ms - -[0m
2022-02-02 11:12:27 info: [0mGET /api-docs/swagger-ui-init.js [32m200[0m 0.540 ms - -[0m
2022-02-02 11:12:27 info: [0mGET /api-docs/swagger-ui.css [32m200[0m 6.108 ms - -[0m
2022-02-02 11:12:27 info: [0mGET /api-docs/swagger-ui-standalone-preset.js [32m200[0m 5.809 ms - -[0m
2022-02-02 11:12:27 info: [0mGET /api-docs/swagger-ui-bundle.js [32m200[0m 6.222 ms - -[0m
2022-02-02 11:12:27 info: [0mGET /api-docs/favicon-32x32.png [32m200[0m 0.974 ms - 628[0m
2022-02-02 11:12:50 info: [0mGET /users [32m200[0m 1.185 ms - 478[0m
2022-02-02 11:13:05 info: [0mGET /users [36m304[0m 0.506 ms - -[0m
2022-02-02 11:28:10 info: [0mGET /users [36m304[0m 1.232 ms - -[0m
2022-02-02 11:30:51 info: =================================
2022-02-02 11:30:51 info: ======= ENV: development =======
2022-02-02 11:30:51 info: 🚀 App listening on the port 3000
2022-02-02 11:30:51 info: =================================
2022-02-02 11:30:57 info: =================================
2022-02-02 11:30:57 info: ======= ENV: development =======
2022-02-02 11:30:57 info: 🚀 App listening on the port 3000
2022-02-02 11:30:57 info: =================================
2022-02-02 11:31:02 info: =================================
2022-02-02 11:31:02 info: ======= ENV: development =======
2022-02-02 11:31:02 info: 🚀 App listening on the port 3000
2022-02-02 11:31:02 info: =================================
2022-02-02 11:31:15 info: =================================
2022-02-02 11:31:15 info: ======= ENV: development =======
2022-02-02 11:31:15 info: 🚀 App listening on the port 3000
2022-02-02 11:31:15 info: =================================
2022-02-02 11:31:53 info: [0mGET /users [36m304[0m 9.933 ms - -[0m
2022-02-02 11:32:12 info: [0mGET /users [36m304[0m 1.296 ms - -[0m
2022-02-02 11:38:49 info: =================================
2022-02-02 11:38:49 info: ======= ENV: development =======
2022-02-02 11:38:49 info: 🚀 App listening on the port 3000
2022-02-02 11:38:49 info: =================================
2022-02-02 11:39:04 info: =================================
2022-02-02 11:39:04 info: ======= ENV: development =======
2022-02-02 11:39:04 info: 🚀 App listening on the port 3000
2022-02-02 11:39:04 info: =================================
2022-02-02 11:39:10 info: =================================
2022-02-02 11:39:10 info: ======= ENV: development =======
2022-02-02 11:39:10 info: 🚀 App listening on the port 3000
2022-02-02 11:39:10 info: =================================
2022-02-02 11:49:14 info: =================================
2022-02-02 11:49:14 info: ======= ENV: development =======
2022-02-02 11:49:14 info: 🚀 App listening on the port 3000
2022-02-02 11:49:14 info: =================================
2022-02-02 11:53:06 info: =================================
2022-02-02 11:53:06 info: ======= ENV: development =======
2022-02-02 11:53:06 info: 🚀 App listening on the port 3000
2022-02-02 11:53:06 info: =================================
2022-02-02 11:53:22 info: =================================
2022-02-02 11:53:22 info: ======= ENV: development =======
2022-02-02 11:53:22 info: 🚀 App listening on the port 3000
2022-02-02 11:53:22 info: =================================
2022-02-02 11:53:58 info: =================================
2022-02-02 11:53:58 info: ======= ENV: development =======
2022-02-02 11:53:58 info: 🚀 App listening on the port 3000
2022-02-02 11:53:58 info: =================================
2022-02-02 11:54:19 info: =================================
2022-02-02 11:54:19 info: ======= ENV: development =======
2022-02-02 11:54:19 info: 🚀 App listening on the port 3000
2022-02-02 11:54:19 info: =================================
2022-02-02 11:54:42 info: =================================
2022-02-02 11:54:42 info: ======= ENV: development =======
2022-02-02 11:54:42 info: 🚀 App listening on the port 3000
2022-02-02 11:54:42 info: =================================
2022-02-02 11:55:07 info: =================================
2022-02-02 11:55:07 info: ======= ENV: development =======
2022-02-02 11:55:07 info: 🚀 App listening on the port 3000
2022-02-02 11:55:07 info: =================================
2022-02-02 11:55:10 info: =================================
2022-02-02 11:55:10 info: ======= ENV: development =======
2022-02-02 11:55:10 info: 🚀 App listening on the port 3000
2022-02-02 11:55:10 info: =================================
2022-02-02 11:56:00 info: =================================
2022-02-02 11:56:00 info: ======= ENV: development =======
2022-02-02 11:56:00 info: 🚀 App listening on the port 3000
2022-02-02 11:56:00 info: =================================
2022-02-02 11:56:02 info: =================================
2022-02-02 11:56:02 info: ======= ENV: development =======
2022-02-02 11:56:02 info: 🚀 App listening on the port 3000
2022-02-02 11:56:02 info: =================================
2022-02-02 11:56:27 info: =================================
2022-02-02 11:56:27 info: ======= ENV: development =======
2022-02-02 11:56:27 info: 🚀 App listening on the port 3000
2022-02-02 11:56:27 info: =================================
2022-02-02 11:56:31 info: =================================
2022-02-02 11:56:31 info: ======= ENV: development =======
2022-02-02 11:56:31 info: 🚀 App listening on the port 3000
2022-02-02 11:56:31 info: =================================
2022-02-02 11:56:33 info: =================================
2022-02-02 11:56:33 info: ======= ENV: development =======
2022-02-02 11:56:33 info: 🚀 App listening on the port 3000
2022-02-02 11:56:33 info: =================================
2022-02-02 11:56:42 info: =================================
2022-02-02 11:56:42 info: ======= ENV: development =======
2022-02-02 11:56:42 info: 🚀 App listening on the port 3000
2022-02-02 11:56:42 info: =================================
2022-02-02 11:57:20 info: =================================
2022-02-02 11:57:20 info: ======= ENV: development =======
2022-02-02 11:57:20 info: 🚀 App listening on the port 3000
2022-02-02 11:57:20 info: =================================
2022-02-02 11:57:47 info: =================================
2022-02-02 11:57:47 info: ======= ENV: development =======
2022-02-02 11:57:47 info: 🚀 App listening on the port 3000
2022-02-02 11:57:47 info: =================================
2022-02-02 11:58:15 info: =================================
2022-02-02 11:58:15 info: ======= ENV: development =======
2022-02-02 11:58:15 info: 🚀 App listening on the port 3000
2022-02-02 11:58:15 info: =================================
2022-02-02 11:58:30 info: =================================
2022-02-02 11:58:30 info: ======= ENV: development =======
2022-02-02 11:58:30 info: 🚀 App listening on the port 3000
2022-02-02 11:58:30 info: =================================
2022-02-02 11:58:36 info: =================================
2022-02-02 11:58:36 info: ======= ENV: development =======
2022-02-02 11:58:36 info: 🚀 App listening on the port 3000
2022-02-02 11:58:36 info: =================================
2022-02-02 11:58:40 info: =================================
2022-02-02 11:58:40 info: ======= ENV: development =======
2022-02-02 11:58:40 info: 🚀 App listening on the port 3000
2022-02-02 11:58:40 info: =================================
2022-02-02 11:58:44 info: =================================
2022-02-02 11:58:44 info: ======= ENV: development =======
2022-02-02 11:58:44 info: 🚀 App listening on the port 3000
2022-02-02 11:58:44 info: =================================
2022-02-02 11:58:48 info: =================================
2022-02-02 11:58:48 info: ======= ENV: development =======
2022-02-02 11:58:48 info: 🚀 App listening on the port 3000
2022-02-02 11:58:48 info: =================================
2022-02-02 11:59:16 info: [0mGET / [36m304[0m 4.567 ms - -[0m
2022-02-02 11:59:16 info: [0mGET /favicon.ico [33m404[0m 1.731 ms - 150[0m
2022-02-02 11:59:26 info: [0mGET /user [33m404[0m 0.801 ms - 143[0m
2022-02-02 11:59:30 info: [0mGET / [36m304[0m 0.507 ms - -[0m
2022-02-02 11:59:58 info: =================================
2022-02-02 11:59:58 info: ======= ENV: development =======
2022-02-02 11:59:58 info: 🚀 App listening on the port 3000
2022-02-02 11:59:58 info: =================================
2022-02-02 12:00:07 info: =================================
2022-02-02 12:00:07 info: ======= ENV: development =======
2022-02-02 12:00:07 info: 🚀 App listening on the port 3000
2022-02-02 12:00:07 info: =================================
2022-02-02 12:00:11 info: =================================
2022-02-02 12:00:11 info: ======= ENV: development =======
2022-02-02 12:00:11 info: 🚀 App listening on the port 3000
2022-02-02 12:00:11 info: =================================
2022-02-02 12:00:16 info: =================================
2022-02-02 12:00:16 info: ======= ENV: development =======
2022-02-02 12:00:16 info: 🚀 App listening on the port 3000
2022-02-02 12:00:16 info: =================================
2022-02-02 12:00:19 info: =================================
2022-02-02 12:00:19 info: ======= ENV: development =======
2022-02-02 12:00:19 info: 🚀 App listening on the port 3000
2022-02-02 12:00:19 info: =================================
2022-02-02 12:00:21 info: =================================
2022-02-02 12:00:21 info: ======= ENV: development =======
2022-02-02 12:00:21 info: 🚀 App listening on the port 3000
2022-02-02 12:00:21 info: =================================
2022-02-02 12:00:27 info: =================================
2022-02-02 12:00:27 info: ======= ENV: development =======
2022-02-02 12:00:27 info: 🚀 App listening on the port 3000
2022-02-02 12:00:27 info: =================================
2022-02-02 12:00:29 info: =================================
2022-02-02 12:00:29 info: ======= ENV: development =======
2022-02-02 12:00:29 info: 🚀 App listening on the port 3000
2022-02-02 12:00:29 info: =================================
2022-02-02 12:00:43 info: =================================
2022-02-02 12:00:43 info: ======= ENV: development =======
2022-02-02 12:00:43 info: 🚀 App listening on the port 3000
2022-02-02 12:00:43 info: =================================
2022-02-02 12:00:47 info: =================================
2022-02-02 12:00:47 info: ======= ENV: development =======
2022-02-02 12:00:47 info: 🚀 App listening on the port 3000
2022-02-02 12:00:47 info: =================================
2022-02-02 12:00:51 info: =================================
2022-02-02 12:00:51 info: ======= ENV: development =======
2022-02-02 12:00:51 info: 🚀 App listening on the port 3000
2022-02-02 12:00:51 info: =================================
2022-02-02 12:00:57 info: =================================
2022-02-02 12:00:57 info: ======= ENV: development =======
2022-02-02 12:00:57 info: 🚀 App listening on the port 3000
2022-02-02 12:00:57 info: =================================
2022-02-02 12:01:02 info: =================================
2022-02-02 12:01:03 info: ======= ENV: development =======
2022-02-02 12:01:03 info: 🚀 App listening on the port 3000
2022-02-02 12:01:03 info: =================================
2022-02-02 12:01:08 info: =================================
2022-02-02 12:01:08 info: ======= ENV: development =======
2022-02-02 12:01:08 info: 🚀 App listening on the port 3000
2022-02-02 12:01:08 info: =================================
2022-02-02 12:01:15 info: =================================
2022-02-02 12:01:15 info: ======= ENV: development =======
2022-02-02 12:01:15 info: 🚀 App listening on the port 3000
2022-02-02 12:01:15 info: =================================
2022-02-02 12:01:21 info: =================================
2022-02-02 12:01:21 info: ======= ENV: development =======
2022-02-02 12:01:21 info: 🚀 App listening on the port 3000
2022-02-02 12:01:21 info: =================================
2022-02-02 12:01:24 info: =================================
2022-02-02 12:01:24 info: ======= ENV: development =======
2022-02-02 12:01:24 info: 🚀 App listening on the port 3000
2022-02-02 12:01:24 info: =================================
2022-02-02 12:01:30 info: =================================
2022-02-02 12:01:30 info: ======= ENV: development =======
2022-02-02 12:01:30 info: 🚀 App listening on the port 3000
2022-02-02 12:01:30 info: =================================
2022-02-02 12:01:34 info: =================================
2022-02-02 12:01:34 info: ======= ENV: development =======
2022-02-02 12:01:34 info: 🚀 App listening on the port 3000
2022-02-02 12:01:34 info: =================================
2022-02-02 12:01:42 info: =================================
2022-02-02 12:01:42 info: ======= ENV: development =======
2022-02-02 12:01:42 info: 🚀 App listening on the port 3000
2022-02-02 12:01:42 info: =================================
2022-02-02 12:01:45 info: =================================
2022-02-02 12:01:45 info: ======= ENV: development =======
2022-02-02 12:01:45 info: 🚀 App listening on the port 3000
2022-02-02 12:01:45 info: =================================
2022-02-02 12:01:47 info: =================================
2022-02-02 12:01:47 info: ======= ENV: development =======
2022-02-02 12:01:47 info: 🚀 App listening on the port 3000
2022-02-02 12:01:47 info: =================================
2022-02-02 12:01:51 info: =================================
2022-02-02 12:01:51 info: ======= ENV: development =======
2022-02-02 12:01:51 info: 🚀 App listening on the port 3000
2022-02-02 12:01:51 info: =================================
2022-02-02 12:01:58 info: =================================
2022-02-02 12:01:58 info: ======= ENV: development =======
2022-02-02 12:01:58 info: 🚀 App listening on the port 3000
2022-02-02 12:01:58 info: =================================
2022-02-02 12:02:04 info: =================================
2022-02-02 12:02:04 info: ======= ENV: development =======
2022-02-02 12:02:04 info: 🚀 App listening on the port 3000
2022-02-02 12:02:04 info: =================================
2022-02-02 12:02:07 info: =================================
2022-02-02 12:02:07 info: ======= ENV: development =======
2022-02-02 12:02:07 info: 🚀 App listening on the port 3000
2022-02-02 12:02:07 info: =================================
2022-02-02 12:02:12 info: =================================
2022-02-02 12:02:12 info: ======= ENV: development =======
2022-02-02 12:02:12 info: 🚀 App listening on the port 3000
2022-02-02 12:02:12 info: =================================
2022-02-02 12:02:31 info: =================================
2022-02-02 12:02:31 info: ======= ENV: development =======
2022-02-02 12:02:31 info: 🚀 App listening on the port 3000
2022-02-02 12:02:31 info: =================================
2022-02-02 12:03:02 info: =================================
2022-02-02 12:03:02 info: ======= ENV: development =======
2022-02-02 12:03:02 info: 🚀 App listening on the port 3000
2022-02-02 12:03:02 info: =================================
2022-02-02 12:03:06 info: =================================
2022-02-02 12:03:06 info: ======= ENV: development =======
2022-02-02 12:03:06 info: 🚀 App listening on the port 3000
2022-02-02 12:03:06 info: =================================
2022-02-02 12:03:09 info: =================================
2022-02-02 12:03:09 info: ======= ENV: development =======
2022-02-02 12:03:09 info: 🚀 App listening on the port 3000
2022-02-02 12:03:09 info: =================================
2022-02-02 12:03:13 info: =================================
2022-02-02 12:03:13 info: ======= ENV: development =======
2022-02-02 12:03:13 info: 🚀 App listening on the port 3000
2022-02-02 12:03:13 info: =================================
2022-02-02 12:03:16 info: =================================
2022-02-02 12:03:16 info: ======= ENV: development =======
2022-02-02 12:03:16 info: 🚀 App listening on the port 3000
2022-02-02 12:03:16 info: =================================
2022-02-02 12:03:19 info: =================================
2022-02-02 12:03:19 info: ======= ENV: development =======
2022-02-02 12:03:19 info: 🚀 App listening on the port 3000
2022-02-02 12:03:19 info: =================================
2022-02-02 12:03:25 info: =================================
2022-02-02 12:03:25 info: ======= ENV: development =======
2022-02-02 12:03:25 info: 🚀 App listening on the port 3000
2022-02-02 12:03:25 info: =================================
2022-02-02 12:03:27 info: =================================
2022-02-02 12:03:27 info: ======= ENV: development =======
2022-02-02 12:03:27 info: 🚀 App listening on the port 3000
2022-02-02 12:03:27 info: =================================
2022-02-02 12:03:46 info: =================================
2022-02-02 12:03:46 info: ======= ENV: development =======
2022-02-02 12:03:46 info: 🚀 App listening on the port 3000
2022-02-02 12:03:46 info: =================================
2022-02-02 12:03:50 info: =================================
2022-02-02 12:03:50 info: ======= ENV: development =======
2022-02-02 12:03:50 info: 🚀 App listening on the port 3000
2022-02-02 12:03:50 info: =================================
2022-02-02 12:03:56 info: =================================
2022-02-02 12:03:56 info: ======= ENV: development =======
2022-02-02 12:03:56 info: 🚀 App listening on the port 3000
2022-02-02 12:03:56 info: =================================
2022-02-02 12:04:03 info: =================================
2022-02-02 12:04:03 info: ======= ENV: development =======
2022-02-02 12:04:03 info: 🚀 App listening on the port 3000
2022-02-02 12:04:03 info: =================================
2022-02-02 12:04:05 info: =================================
2022-02-02 12:04:05 info: ======= ENV: development =======
2022-02-02 12:04:05 info: 🚀 App listening on the port 3000
2022-02-02 12:04:05 info: =================================
2022-02-02 12:04:09 info: =================================
2022-02-02 12:04:09 info: ======= ENV: development =======
2022-02-02 12:04:09 info: 🚀 App listening on the port 3000
2022-02-02 12:04:09 info: =================================
2022-02-02 12:04:33 info: =================================
2022-02-02 12:04:33 info: ======= ENV: development =======
2022-02-02 12:04:33 info: 🚀 App listening on the port 3000
2022-02-02 12:04:33 info: =================================
2022-02-02 12:04:35 info: =================================
2022-02-02 12:04:35 info: ======= ENV: development =======
2022-02-02 12:04:35 info: 🚀 App listening on the port 3000
2022-02-02 12:04:35 info: =================================
2022-02-02 12:04:52 info: =================================
2022-02-02 12:04:52 info: ======= ENV: development =======
2022-02-02 12:04:52 info: 🚀 App listening on the port 3000
2022-02-02 12:04:52 info: =================================
2022-02-02 12:04:59 info: =================================
2022-02-02 12:04:59 info: ======= ENV: development =======
2022-02-02 12:04:59 info: 🚀 App listening on the port 3000
2022-02-02 12:04:59 info: =================================
2022-02-02 12:05:10 info: =================================
2022-02-02 12:05:10 info: ======= ENV: development =======
2022-02-02 12:05:10 info: 🚀 App listening on the port 3000
2022-02-02 12:05:10 info: =================================
2022-02-02 12:05:18 info: =================================
2022-02-02 12:05:18 info: ======= ENV: development =======
2022-02-02 12:05:18 info: 🚀 App listening on the port 3000
2022-02-02 12:05:18 info: =================================
2022-02-02 12:05:35 info: =================================
2022-02-02 12:05:35 info: ======= ENV: development =======
2022-02-02 12:05:35 info: 🚀 App listening on the port 3000
2022-02-02 12:05:35 info: =================================
2022-02-02 12:05:40 info: =================================
2022-02-02 12:05:40 info: ======= ENV: development =======
2022-02-02 12:05:40 info: 🚀 App listening on the port 3000
2022-02-02 12:05:40 info: =================================
2022-02-02 12:05:48 info: =================================
2022-02-02 12:05:48 info: ======= ENV: development =======
2022-02-02 12:05:48 info: 🚀 App listening on the port 3000
2022-02-02 12:05:48 info: =================================
2022-02-02 12:05:55 info: =================================
2022-02-02 12:05:55 info: ======= ENV: development =======
2022-02-02 12:05:55 info: 🚀 App listening on the port 3000
2022-02-02 12:05:55 info: =================================
2022-02-02 12:06:00 info: =================================
2022-02-02 12:06:00 info: ======= ENV: development =======
2022-02-02 12:06:00 info: 🚀 App listening on the port 3000
2022-02-02 12:06:00 info: =================================
2022-02-02 12:06:04 info: =================================
2022-02-02 12:06:04 info: ======= ENV: development =======
2022-02-02 12:06:04 info: 🚀 App listening on the port 3000
2022-02-02 12:06:04 info: =================================
2022-02-02 12:06:11 info: =================================
2022-02-02 12:06:11 info: ======= ENV: development =======
2022-02-02 12:06:11 info: 🚀 App listening on the port 3000
2022-02-02 12:06:11 info: =================================
2022-02-02 12:06:16 info: =================================
2022-02-02 12:06:16 info: ======= ENV: development =======
2022-02-02 12:06:16 info: 🚀 App listening on the port 3000
2022-02-02 12:06:16 info: =================================
2022-02-02 12:06:21 info: =================================
2022-02-02 12:06:21 info: ======= ENV: development =======
2022-02-02 12:06:21 info: 🚀 App listening on the port 3000
2022-02-02 12:06:21 info: =================================
2022-02-02 12:06:23 info: =================================
2022-02-02 12:06:23 info: ======= ENV: development =======
2022-02-02 12:06:23 info: 🚀 App listening on the port 3000
2022-02-02 12:06:23 info: =================================
2022-02-02 12:06:27 info: =================================
2022-02-02 12:06:27 info: ======= ENV: development =======
2022-02-02 12:06:27 info: 🚀 App listening on the port 3000
2022-02-02 12:06:27 info: =================================
2022-02-02 12:06:34 info: =================================
2022-02-02 12:06:34 info: ======= ENV: development =======
2022-02-02 12:06:34 info: 🚀 App listening on the port 3000
2022-02-02 12:06:34 info: =================================
2022-02-02 12:06:53 info: =================================
2022-02-02 12:06:53 info: ======= ENV: development =======
2022-02-02 12:06:53 info: 🚀 App listening on the port 3000
2022-02-02 12:06:53 info: =================================
2022-02-02 12:07:37 info: =================================
2022-02-02 12:07:37 info: ======= ENV: development =======
2022-02-02 12:07:37 info: 🚀 App listening on the port 3000
2022-02-02 12:07:37 info: =================================
2022-02-02 12:07:48 info: =================================
2022-02-02 12:07:48 info: ======= ENV: development =======
2022-02-02 12:07:48 info: 🚀 App listening on the port 3000
2022-02-02 12:07:48 info: =================================
2022-02-02 12:07:58 info: =================================
2022-02-02 12:07:58 info: ======= ENV: development =======
2022-02-02 12:07:58 info: 🚀 App listening on the port 3000
2022-02-02 12:07:58 info: =================================
2022-02-02 12:08:04 info: =================================
2022-02-02 12:08:04 info: ======= ENV: development =======
2022-02-02 12:08:04 info: 🚀 App listening on the port 3000
2022-02-02 12:08:04 info: =================================
2022-02-02 12:08:06 info: =================================
2022-02-02 12:08:06 info: ======= ENV: development =======
2022-02-02 12:08:06 info: 🚀 App listening on the port 3000
2022-02-02 12:08:06 info: =================================
2022-02-02 12:08:10 info: =================================
2022-02-02 12:08:10 info: ======= ENV: development =======
2022-02-02 12:08:10 info: 🚀 App listening on the port 3000
2022-02-02 12:08:10 info: =================================
2022-02-02 12:08:20 info: =================================
2022-02-02 12:08:20 info: ======= ENV: development =======
2022-02-02 12:08:20 info: 🚀 App listening on the port 3000
2022-02-02 12:08:20 info: =================================
2022-02-02 12:08:26 info: =================================
2022-02-02 12:08:26 info: ======= ENV: development =======
2022-02-02 12:08:26 info: 🚀 App listening on the port 3000
2022-02-02 12:08:26 info: =================================
2022-02-02 12:08:28 info: =================================
2022-02-02 12:08:28 info: ======= ENV: development =======
2022-02-02 12:08:28 info: 🚀 App listening on the port 3000
2022-02-02 12:08:28 info: =================================
2022-02-02 12:08:34 info: =================================
2022-02-02 12:08:34 info: ======= ENV: development =======
2022-02-02 12:08:34 info: 🚀 App listening on the port 3000
2022-02-02 12:08:34 info: =================================
2022-02-02 12:08:38 info: =================================
2022-02-02 12:08:38 info: ======= ENV: development =======
2022-02-02 12:08:38 info: 🚀 App listening on the port 3000
2022-02-02 12:08:38 info: =================================
2022-02-02 12:08:42 info: =================================
2022-02-02 12:08:42 info: ======= ENV: development =======
2022-02-02 12:08:42 info: 🚀 App listening on the port 3000
2022-02-02 12:08:42 info: =================================
2022-02-02 12:08:44 info: =================================
2022-02-02 12:08:44 info: ======= ENV: development =======
2022-02-02 12:08:44 info: 🚀 App listening on the port 3000
2022-02-02 12:08:44 info: =================================
2022-02-02 12:08:52 info: =================================
2022-02-02 12:08:52 info: ======= ENV: development =======
2022-02-02 12:08:52 info: 🚀 App listening on the port 3000
2022-02-02 12:08:52 info: =================================
2022-02-02 12:08:59 info: =================================
2022-02-02 12:08:59 info: ======= ENV: development =======
2022-02-02 12:08:59 info: 🚀 App listening on the port 3000
2022-02-02 12:08:59 info: =================================
2022-02-02 12:09:05 info: =================================
2022-02-02 12:09:05 info: ======= ENV: development =======
2022-02-02 12:09:05 info: 🚀 App listening on the port 3000
2022-02-02 12:09:05 info: =================================
2022-02-02 12:09:11 info: =================================
2022-02-02 12:09:11 info: ======= ENV: development =======
2022-02-02 12:09:11 info: 🚀 App listening on the port 3000
2022-02-02 12:09:11 info: =================================
2022-02-02 12:09:16 info: =================================
2022-02-02 12:09:16 info: ======= ENV: development =======
2022-02-02 12:09:16 info: 🚀 App listening on the port 3000
2022-02-02 12:09:16 info: =================================
2022-02-02 12:09:23 info: =================================
2022-02-02 12:09:23 info: ======= ENV: development =======
2022-02-02 12:09:23 info: 🚀 App listening on the port 3000
2022-02-02 12:09:23 info: =================================
2022-02-02 12:09:29 info: =================================
2022-02-02 12:09:29 info: ======= ENV: development =======
2022-02-02 12:09:29 info: 🚀 App listening on the port 3000
2022-02-02 12:09:29 info: =================================
2022-02-02 12:10:00 info: =================================
2022-02-02 12:10:00 info: ======= ENV: development =======
2022-02-02 12:10:00 info: 🚀 App listening on the port 3000
2022-02-02 12:10:00 info: =================================
2022-02-02 12:10:06 info: =================================
2022-02-02 12:10:06 info: ======= ENV: development =======
2022-02-02 12:10:06 info: 🚀 App listening on the port 3000
2022-02-02 12:10:06 info: =================================
2022-02-02 12:10:10 info: =================================
2022-02-02 12:10:10 info: ======= ENV: development =======
2022-02-02 12:10:10 info: 🚀 App listening on the port 3000
2022-02-02 12:10:10 info: =================================
2022-02-02 12:10:15 info: =================================
2022-02-02 12:10:15 info: ======= ENV: development =======
2022-02-02 12:10:15 info: 🚀 App listening on the port 3000
2022-02-02 12:10:15 info: =================================
2022-02-02 12:10:19 info: =================================
2022-02-02 12:10:19 info: ======= ENV: development =======
2022-02-02 12:10:19 info: 🚀 App listening on the port 3000
2022-02-02 12:10:19 info: =================================
2022-02-02 12:10:34 info: =================================
2022-02-02 12:10:34 info: ======= ENV: development =======
2022-02-02 12:10:34 info: 🚀 App listening on the port 3000
2022-02-02 12:10:34 info: =================================
2022-02-02 12:10:39 info: =================================
2022-02-02 12:10:39 info: ======= ENV: development =======
2022-02-02 12:10:39 info: 🚀 App listening on the port 3000
2022-02-02 12:10:39 info: =================================
2022-02-02 12:10:41 info: =================================
2022-02-02 12:10:41 info: ======= ENV: development =======
2022-02-02 12:10:41 info: 🚀 App listening on the port 3000
2022-02-02 12:10:41 info: =================================
2022-02-02 12:10:53 info: =================================
2022-02-02 12:10:53 info: ======= ENV: development =======
2022-02-02 12:10:53 info: 🚀 App listening on the port 3000
2022-02-02 12:10:53 info: =================================
2022-02-02 12:10:55 info: =================================
2022-02-02 12:10:55 info: ======= ENV: development =======
2022-02-02 12:10:55 info: 🚀 App listening on the port 3000
2022-02-02 12:10:55 info: =================================
2022-02-02 12:11:05 info: =================================
2022-02-02 12:11:05 info: ======= ENV: development =======
2022-02-02 12:11:05 info: 🚀 App listening on the port 3000
2022-02-02 12:11:05 info: =================================
2022-02-02 12:11:07 info: =================================
2022-02-02 12:11:07 info: ======= ENV: development =======
2022-02-02 12:11:07 info: 🚀 App listening on the port 3000
2022-02-02 12:11:07 info: =================================
2022-02-02 12:11:10 info: =================================
2022-02-02 12:11:10 info: ======= ENV: development =======
2022-02-02 12:11:10 info: 🚀 App listening on the port 3000
2022-02-02 12:11:10 info: =================================
2022-02-02 12:11:15 info: =================================
2022-02-02 12:11:15 info: ======= ENV: development =======
2022-02-02 12:11:15 info: 🚀 App listening on the port 3000
2022-02-02 12:11:15 info: =================================
2022-02-02 12:11:23 info: =================================
2022-02-02 12:11:23 info: ======= ENV: development =======
2022-02-02 12:11:23 info: 🚀 App listening on the port 3000
2022-02-02 12:11:23 info: =================================
2022-02-02 12:11:28 info: =================================
2022-02-02 12:11:28 info: ======= ENV: development =======
2022-02-02 12:11:28 info: 🚀 App listening on the port 3000
2022-02-02 12:11:28 info: =================================
2022-02-02 12:11:32 info: =================================
2022-02-02 12:11:32 info: ======= ENV: development =======
2022-02-02 12:11:32 info: 🚀 App listening on the port 3000
2022-02-02 12:11:32 info: =================================
2022-02-02 12:11:36 info: =================================
2022-02-02 12:11:36 info: ======= ENV: development =======
2022-02-02 12:11:36 info: 🚀 App listening on the port 3000
2022-02-02 12:11:36 info: =================================
2022-02-02 12:11:43 info: =================================
2022-02-02 12:11:43 info: ======= ENV: development =======
2022-02-02 12:11:43 info: 🚀 App listening on the port 3000
2022-02-02 12:11:43 info: =================================
2022-02-02 12:11:46 info: =================================
2022-02-02 12:11:46 info: ======= ENV: development =======
2022-02-02 12:11:46 info: 🚀 App listening on the port 3000
2022-02-02 12:11:46 info: =================================
2022-02-02 12:11:49 info: =================================
2022-02-02 12:11:49 info: ======= ENV: development =======
2022-02-02 12:11:49 info: 🚀 App listening on the port 3000
2022-02-02 12:11:49 info: =================================
2022-02-02 12:11:52 info: =================================
2022-02-02 12:11:52 info: ======= ENV: development =======
2022-02-02 12:11:52 info: 🚀 App listening on the port 3000
2022-02-02 12:11:52 info: =================================
2022-02-02 12:11:56 info: =================================
2022-02-02 12:11:56 info: ======= ENV: development =======
2022-02-02 12:11:56 info: 🚀 App listening on the port 3000
2022-02-02 12:11:56 info: =================================
2022-02-02 12:12:10 info: =================================
2022-02-02 12:12:10 info: ======= ENV: development =======
2022-02-02 12:12:10 info: 🚀 App listening on the port 3000
2022-02-02 12:12:10 info: =================================
2022-02-02 12:12:14 info: =================================
2022-02-02 12:12:14 info: ======= ENV: development =======
2022-02-02 12:12:14 info: 🚀 App listening on the port 3000
2022-02-02 12:12:14 info: =================================
2022-02-02 12:12:28 info: =================================
2022-02-02 12:12:28 info: ======= ENV: development =======
2022-02-02 12:12:28 info: 🚀 App listening on the port 3000
2022-02-02 12:12:28 info: =================================
2022-02-02 12:12:30 info: =================================
2022-02-02 12:12:30 info: ======= ENV: development =======
2022-02-02 12:12:30 info: 🚀 App listening on the port 3000
2022-02-02 12:12:30 info: =================================
2022-02-02 12:12:32 info: =================================
2022-02-02 12:12:32 info: ======= ENV: development =======
2022-02-02 12:12:32 info: 🚀 App listening on the port 3000
2022-02-02 12:12:32 info: =================================
2022-02-02 12:12:40 info: =================================
2022-02-02 12:12:40 info: ======= ENV: development =======
2022-02-02 12:12:40 info: 🚀 App listening on the port 3000
2022-02-02 12:12:40 info: =================================
2022-02-02 12:12:45 info: =================================
2022-02-02 12:12:45 info: ======= ENV: development =======
2022-02-02 12:12:45 info: 🚀 App listening on the port 3000
2022-02-02 12:12:45 info: =================================
2022-02-02 12:12:56 info: =================================
2022-02-02 12:12:56 info: ======= ENV: development =======
2022-02-02 12:12:56 info: 🚀 App listening on the port 3000
2022-02-02 12:12:56 info: =================================
2022-02-02 12:12:59 info: =================================
2022-02-02 12:12:59 info: ======= ENV: development =======
2022-02-02 12:12:59 info: 🚀 App listening on the port 3000
2022-02-02 12:12:59 info: =================================
2022-02-02 12:13:03 info: =================================
2022-02-02 12:13:03 info: ======= ENV: development =======
2022-02-02 12:13:03 info: 🚀 App listening on the port 3000
2022-02-02 12:13:03 info: =================================
2022-02-02 12:13:09 info: =================================
2022-02-02 12:13:09 info: ======= ENV: development =======
2022-02-02 12:13:09 info: 🚀 App listening on the port 3000
2022-02-02 12:13:09 info: =================================
2022-02-02 12:13:14 info: =================================
2022-02-02 12:13:14 info: ======= ENV: development =======
2022-02-02 12:13:14 info: 🚀 App listening on the port 3000
2022-02-02 12:13:14 info: =================================
2022-02-02 12:13:16 info: =================================
2022-02-02 12:13:16 info: ======= ENV: development =======
2022-02-02 12:13:16 info: 🚀 App listening on the port 3000
2022-02-02 12:13:16 info: =================================
2022-02-02 12:13:21 info: =================================
2022-02-02 12:13:21 info: ======= ENV: development =======
2022-02-02 12:13:21 info: 🚀 App listening on the port 3000
2022-02-02 12:13:21 info: =================================
2022-02-02 12:13:28 info: =================================
2022-02-02 12:13:28 info: ======= ENV: development =======
2022-02-02 12:13:28 info: 🚀 App listening on the port 3000
2022-02-02 12:13:28 info: =================================
2022-02-02 12:13:30 info: =================================
2022-02-02 12:13:30 info: ======= ENV: development =======
2022-02-02 12:13:30 info: 🚀 App listening on the port 3000
2022-02-02 12:13:30 info: =================================
2022-02-02 12:13:35 info: =================================
2022-02-02 12:13:35 info: ======= ENV: development =======
2022-02-02 12:13:35 info: 🚀 App listening on the port 3000
2022-02-02 12:13:35 info: =================================
2022-02-02 12:13:41 info: =================================
2022-02-02 12:13:41 info: ======= ENV: development =======
2022-02-02 12:13:41 info: 🚀 App listening on the port 3000
2022-02-02 12:13:41 info: =================================
2022-02-02 12:13:44 info: =================================
2022-02-02 12:13:44 info: ======= ENV: development =======
2022-02-02 12:13:44 info: 🚀 App listening on the port 3000
2022-02-02 12:13:44 info: =================================
2022-02-02 12:13:47 info: =================================
2022-02-02 12:13:47 info: ======= ENV: development =======
2022-02-02 12:13:47 info: 🚀 App listening on the port 3000
2022-02-02 12:13:47 info: =================================
2022-02-02 12:13:50 info: =================================
2022-02-02 12:13:50 info: ======= ENV: development =======
2022-02-02 12:13:50 info: 🚀 App listening on the port 3000
2022-02-02 12:13:50 info: =================================
2022-02-02 12:13:52 info: =================================
2022-02-02 12:13:52 info: ======= ENV: development =======
2022-02-02 12:13:52 info: 🚀 App listening on the port 3000
2022-02-02 12:13:52 info: =================================
2022-02-02 12:14:13 info: =================================
2022-02-02 12:14:13 info: ======= ENV: development =======
2022-02-02 12:14:13 info: 🚀 App listening on the port 3000
2022-02-02 12:14:13 info: =================================
2022-02-02 12:14:18 info: =================================
2022-02-02 12:14:18 info: ======= ENV: development =======
2022-02-02 12:14:18 info: 🚀 App listening on the port 3000
2022-02-02 12:14:18 info: =================================
2022-02-02 12:14:28 info: =================================
2022-02-02 12:14:28 info: ======= ENV: development =======
2022-02-02 12:14:28 info: 🚀 App listening on the port 3000
2022-02-02 12:14:28 info: =================================
2022-02-02 12:14:33 info: =================================
2022-02-02 12:14:33 info: ======= ENV: development =======
2022-02-02 12:14:33 info: 🚀 App listening on the port 3000
2022-02-02 12:14:33 info: =================================
2022-02-02 12:14:35 info: =================================
2022-02-02 12:14:35 info: ======= ENV: development =======
2022-02-02 12:14:35 info: 🚀 App listening on the port 3000
2022-02-02 12:14:35 info: =================================
2022-02-02 12:14:46 info: =================================
2022-02-02 12:14:46 info: ======= ENV: development =======
2022-02-02 12:14:46 info: 🚀 App listening on the port 3000
2022-02-02 12:14:46 info: =================================
2022-02-02 12:14:50 info: =================================
2022-02-02 12:14:50 info: ======= ENV: development =======
2022-02-02 12:14:50 info: 🚀 App listening on the port 3000
2022-02-02 12:14:50 info: =================================
2022-02-02 12:14:53 info: =================================
2022-02-02 12:14:53 info: ======= ENV: development =======
2022-02-02 12:14:53 info: 🚀 App listening on the port 3000
2022-02-02 12:14:53 info: =================================
2022-02-02 12:15:01 info: =================================
2022-02-02 12:15:01 info: ======= ENV: development =======
2022-02-02 12:15:01 info: 🚀 App listening on the port 3000
2022-02-02 12:15:01 info: =================================
2022-02-02 12:15:05 info: =================================
2022-02-02 12:15:05 info: ======= ENV: development =======
2022-02-02 12:15:05 info: 🚀 App listening on the port 3000
2022-02-02 12:15:05 info: =================================
2022-02-02 12:15:11 info: =================================
2022-02-02 12:15:11 info: ======= ENV: development =======
2022-02-02 12:15:11 info: 🚀 App listening on the port 3000
2022-02-02 12:15:11 info: =================================
2022-02-02 12:15:16 info: =================================
2022-02-02 12:15:16 info: ======= ENV: development =======
2022-02-02 12:15:16 info: 🚀 App listening on the port 3000
2022-02-02 12:15:16 info: =================================
2022-02-02 12:15:21 info: =================================
2022-02-02 12:15:21 info: ======= ENV: development =======
2022-02-02 12:15:21 info: 🚀 App listening on the port 3000
2022-02-02 12:15:21 info: =================================
2022-02-02 12:15:25 info: =================================
2022-02-02 12:15:25 info: ======= ENV: development =======
2022-02-02 12:15:25 info: 🚀 App listening on the port 3000
2022-02-02 12:15:25 info: =================================
2022-02-02 12:15:36 info: =================================
2022-02-02 12:15:36 info: ======= ENV: development =======
2022-02-02 12:15:36 info: 🚀 App listening on the port 3000
2022-02-02 12:15:36 info: =================================
2022-02-02 12:15:43 info: =================================
2022-02-02 12:15:43 info: ======= ENV: development =======
2022-02-02 12:15:43 info: 🚀 App listening on the port 3000
2022-02-02 12:15:43 info: =================================
2022-02-02 12:15:47 info: =================================
2022-02-02 12:15:47 info: ======= ENV: development =======
2022-02-02 12:15:47 info: 🚀 App listening on the port 3000
2022-02-02 12:15:47 info: =================================
2022-02-02 12:15:52 info: =================================
2022-02-02 12:15:52 info: ======= ENV: development =======
2022-02-02 12:15:52 info: 🚀 App listening on the port 3000
2022-02-02 12:15:52 info: =================================
2022-02-02 12:15:57 info: =================================
2022-02-02 12:15:57 info: ======= ENV: development =======
2022-02-02 12:15:57 info: 🚀 App listening on the port 3000
2022-02-02 12:15:57 info: =================================
2022-02-02 12:15:59 info: =================================
2022-02-02 12:15:59 info: ======= ENV: development =======
2022-02-02 12:15:59 info: 🚀 App listening on the port 3000
2022-02-02 12:15:59 info: =================================
2022-02-02 12:16:01 info: =================================
2022-02-02 12:16:01 info: ======= ENV: development =======
2022-02-02 12:16:01 info: 🚀 App listening on the port 3000
2022-02-02 12:16:01 info: =================================
2022-02-02 12:16:08 info: =================================
2022-02-02 12:16:08 info: ======= ENV: development =======
2022-02-02 12:16:08 info: 🚀 App listening on the port 3000
2022-02-02 12:16:08 info: =================================
2022-02-02 12:16:10 info: =================================
2022-02-02 12:16:10 info: ======= ENV: development =======
2022-02-02 12:16:10 info: 🚀 App listening on the port 3000
2022-02-02 12:16:10 info: =================================
2022-02-02 12:16:15 info: =================================
2022-02-02 12:16:15 info: ======= ENV: development =======
2022-02-02 12:16:15 info: 🚀 App listening on the port 3000
2022-02-02 12:16:15 info: =================================
2022-02-02 12:16:18 info: =================================
2022-02-02 12:16:18 info: ======= ENV: development =======
2022-02-02 12:16:18 info: 🚀 App listening on the port 3000
2022-02-02 12:16:18 info: =================================
2022-02-02 12:16:31 info: =================================
2022-02-02 12:16:31 info: ======= ENV: development =======
2022-02-02 12:16:31 info: 🚀 App listening on the port 3000
2022-02-02 12:16:31 info: =================================
2022-02-02 12:16:40 info: =================================
2022-02-02 12:16:40 info: ======= ENV: development =======
2022-02-02 12:16:40 info: 🚀 App listening on the port 3000
2022-02-02 12:16:40 info: =================================
2022-02-02 12:16:44 info: =================================
2022-02-02 12:16:44 info: ======= ENV: development =======
2022-02-02 12:16:44 info: 🚀 App listening on the port 3000
2022-02-02 12:16:44 info: =================================
2022-02-02 12:16:48 info: =================================
2022-02-02 12:16:48 info: ======= ENV: development =======
2022-02-02 12:16:48 info: 🚀 App listening on the port 3000
2022-02-02 12:16:48 info: =================================
2022-02-02 12:16:52 info: =================================
2022-02-02 12:16:52 info: ======= ENV: development =======
2022-02-02 12:16:52 info: 🚀 App listening on the port 3000
2022-02-02 12:16:52 info: =================================
2022-02-02 12:17:01 info: =================================
2022-02-02 12:17:01 info: ======= ENV: development =======
2022-02-02 12:17:01 info: 🚀 App listening on the port 3000
2022-02-02 12:17:01 info: =================================
2022-02-02 12:17:17 info: =================================
2022-02-02 12:17:17 info: ======= ENV: development =======
2022-02-02 12:17:17 info: 🚀 App listening on the port 3000
2022-02-02 12:17:17 info: =================================
2022-02-02 12:17:20 info: =================================
2022-02-02 12:17:20 info: ======= ENV: development =======
2022-02-02 12:17:20 info: 🚀 App listening on the port 3000
2022-02-02 12:17:20 info: =================================
2022-02-02 12:17:22 info: =================================
2022-02-02 12:17:22 info: ======= ENV: development =======
2022-02-02 12:17:22 info: 🚀 App listening on the port 3000
2022-02-02 12:17:22 info: =================================
2022-02-02 12:17:30 info: =================================
2022-02-02 12:17:30 info: ======= ENV: development =======
2022-02-02 12:17:30 info: 🚀 App listening on the port 3000
2022-02-02 12:17:30 info: =================================
2022-02-02 12:17:32 info: =================================
2022-02-02 12:17:32 info: ======= ENV: development =======
2022-02-02 12:17:32 info: 🚀 App listening on the port 3000
2022-02-02 12:17:32 info: =================================
2022-02-02 12:17:37 info: =================================
2022-02-02 12:17:37 info: ======= ENV: development =======
2022-02-02 12:17:37 info: 🚀 App listening on the port 3000
2022-02-02 12:17:37 info: =================================
2022-02-02 12:17:48 info: =================================
2022-02-02 12:17:48 info: ======= ENV: development =======
2022-02-02 12:17:48 info: 🚀 App listening on the port 3000
2022-02-02 12:17:48 info: =================================
2022-02-02 12:17:51 info: =================================
2022-02-02 12:17:51 info: ======= ENV: development =======
2022-02-02 12:17:51 info: 🚀 App listening on the port 3000
2022-02-02 12:17:51 info: =================================
2022-02-02 12:17:54 info: =================================
2022-02-02 12:17:54 info: ======= ENV: development =======
2022-02-02 12:17:54 info: 🚀 App listening on the port 3000
2022-02-02 12:17:54 info: =================================
2022-02-02 12:17:57 info: =================================
2022-02-02 12:17:57 info: ======= ENV: development =======
2022-02-02 12:17:57 info: 🚀 App listening on the port 3000
2022-02-02 12:17:57 info: =================================
2022-02-02 12:18:02 info: =================================
2022-02-02 12:18:02 info: ======= ENV: development =======
2022-02-02 12:18:02 info: 🚀 App listening on the port 3000
2022-02-02 12:18:02 info: =================================
2022-02-02 12:18:06 info: =================================
2022-02-02 12:18:06 info: ======= ENV: development =======
2022-02-02 12:18:06 info: 🚀 App listening on the port 3000
2022-02-02 12:18:06 info: =================================
2022-02-02 12:18:09 info: =================================
2022-02-02 12:18:09 info: ======= ENV: development =======
2022-02-02 12:18:09 info: 🚀 App listening on the port 3000
2022-02-02 12:18:09 info: =================================
2022-02-02 12:18:11 info: =================================
2022-02-02 12:18:11 info: ======= ENV: development =======
2022-02-02 12:18:11 info: 🚀 App listening on the port 3000
2022-02-02 12:18:11 info: =================================
2022-02-02 12:18:17 info: =================================
2022-02-02 12:18:17 info: ======= ENV: development =======
2022-02-02 12:18:17 info: 🚀 App listening on the port 3000
2022-02-02 12:18:17 info: =================================
2022-02-02 12:18:19 info: =================================
2022-02-02 12:18:19 info: ======= ENV: development =======
2022-02-02 12:18:19 info: 🚀 App listening on the port 3000
2022-02-02 12:18:19 info: =================================
2022-02-02 12:18:25 info: =================================
2022-02-02 12:18:25 info: ======= ENV: development =======
2022-02-02 12:18:25 info: 🚀 App listening on the port 3000
2022-02-02 12:18:25 info: =================================
2022-02-02 12:18:28 info: =================================
2022-02-02 12:18:28 info: ======= ENV: development =======
2022-02-02 12:18:28 info: 🚀 App listening on the port 3000
2022-02-02 12:18:28 info: =================================
2022-02-02 12:18:35 info: =================================
2022-02-02 12:18:35 info: ======= ENV: development =======
2022-02-02 12:18:35 info: 🚀 App listening on the port 3000
2022-02-02 12:18:35 info: =================================
2022-02-02 12:18:38 info: =================================
2022-02-02 12:18:38 info: ======= ENV: development =======
2022-02-02 12:18:38 info: 🚀 App listening on the port 3000
2022-02-02 12:18:38 info: =================================
2022-02-02 12:18:41 info: =================================
2022-02-02 12:18:41 info: ======= ENV: development =======
2022-02-02 12:18:41 info: 🚀 App listening on the port 3000
2022-02-02 12:18:41 info: =================================
2022-02-02 12:18:44 info: =================================
2022-02-02 12:18:44 info: ======= ENV: development =======
2022-02-02 12:18:44 info: 🚀 App listening on the port 3000
2022-02-02 12:18:44 info: =================================
2022-02-02 12:18:50 info: =================================
2022-02-02 12:18:50 info: ======= ENV: development =======
2022-02-02 12:18:50 info: 🚀 App listening on the port 3000
2022-02-02 12:18:50 info: =================================
2022-02-02 12:18:50 info: [0mGET / [36m304[0m 9.548 ms - -[0m
2022-02-02 12:19:53 info: =================================
2022-02-02 12:19:53 info: ======= ENV: development =======
2022-02-02 12:19:53 info: 🚀 App listening on the port 3000
2022-02-02 12:19:53 info: =================================
2022-02-02 12:20:21 info: =================================
2022-02-02 12:20:21 info: ======= ENV: development =======
2022-02-02 12:20:21 info: 🚀 App listening on the port 3000
2022-02-02 12:20:21 info: =================================
2022-02-02 12:20:23 info: =================================
2022-02-02 12:20:23 info: ======= ENV: development =======
2022-02-02 12:20:23 info: 🚀 App listening on the port 3000
2022-02-02 12:20:23 info: =================================
2022-02-02 12:20:41 info: [0mGET / [36m304[0m 4.819 ms - -[0m
2022-02-02 12:20:52 info: [0mGET /users [36m304[0m 1.489 ms - -[0m
2022-02-02 12:21:13 info: =================================
2022-02-02 12:21:13 info: ======= ENV: development =======
2022-02-02 12:21:13 info: 🚀 App listening on the port 3000
2022-02-02 12:21:13 info: =================================
2022-02-02 12:21:15 info: [0mGET /users [36m304[0m 5.068 ms - -[0m
2022-02-02 12:22:02 info: =================================
2022-02-02 12:22:02 info: ======= ENV: development =======
2022-02-02 12:22:02 info: 🚀 App listening on the port 3000
2022-02-02 12:22:02 info: =================================
2022-02-02 12:22:08 info: =================================
2022-02-02 12:22:08 info: ======= ENV: development =======
2022-02-02 12:22:08 info: 🚀 App listening on the port 3000
2022-02-02 12:22:08 info: =================================
2022-02-02 12:22:12 info: [0mGET /users [36m304[0m 4.996 ms - -[0m
2022-02-02 12:22:14 info: [0mGET /users [36m304[0m 1.001 ms - -[0m
2022-02-02 12:22:14 info: [0mGET / [36m304[0m 0.880 ms - -[0m
2022-02-02 12:22:22 info: [0mGET /tasks [33m404[0m 1.703 ms - 144[0m
2022-02-02 12:22:25 info: [0mGET /users [36m304[0m 0.767 ms - -[0m
2022-02-02 12:22:28 info: [0mGET / [36m304[0m 0.490 ms - -[0m
2022-02-02 12:22:31 info: [0mGET /tasks [33m404[0m 1.203 ms - 144[0m
2022-02-02 12:22:33 info: [0mGET /task [33m404[0m 0.528 ms - 143[0m
2022-02-02 12:22:45 info: [0mGET /tasks [33m404[0m 0.513 ms - 144[0m
2022-02-02 12:22:46 info: [0mGET /tasks [33m404[0m 0.617 ms - 144[0m
2022-02-02 12:23:00 info: [0mGET / [36m304[0m 0.489 ms - -[0m
2022-02-02 12:23:20 info: =================================
2022-02-02 12:23:20 info: ======= ENV: development =======
2022-02-02 12:23:20 info: 🚀 App listening on the port 3000
2022-02-02 12:23:20 info: =================================
2022-02-02 12:23:20 info: [0mGET / [36m304[0m 3.849 ms - -[0m
2022-02-02 12:23:23 info: [0mGET /tasks [33m404[0m 6.293 ms - 144[0m
2022-02-02 12:24:26 info: =================================
2022-02-02 12:24:26 info: ======= ENV: development =======
2022-02-02 12:24:26 info: 🚀 App listening on the port 3000
2022-02-02 12:24:26 info: =================================
2022-02-02 12:24:42 info: =================================
2022-02-02 12:24:42 info: ======= ENV: development =======
2022-02-02 12:24:42 info: 🚀 App listening on the port 3000
2022-02-02 12:24:42 info: =================================
2022-02-02 12:24:45 info: [0mGET /users [33m404[0m 5.561 ms - 144[0m
2022-02-02 12:24:50 info: =================================
2022-02-02 12:24:50 info: ======= ENV: development =======
2022-02-02 12:24:50 info: 🚀 App listening on the port 3000
2022-02-02 12:24:50 info: =================================
2022-02-02 12:24:50 info: [0mGET /users [32m200[0m 7.611 ms - 478[0m
2022-02-02 12:24:56 info: =================================
2022-02-02 12:24:56 info: ======= ENV: development =======
2022-02-02 12:24:56 info: 🚀 App listening on the port 3000
2022-02-02 12:24:56 info: =================================
2022-02-02 12:24:56 info: [0mGET /users [36m304[0m 5.377 ms - -[0m
2022-02-02 12:25:03 info: [0mGET / [36m304[0m 0.706 ms - -[0m
2022-02-02 12:25:07 info: [0mGET /tasks [33m404[0m 2.045 ms - 144[0m
2022-02-02 12:25:12 info: [0mGET /tasks [33m404[0m 0.766 ms - 144[0m
2022-02-02 12:25:15 info: [0mGET /users [36m304[0m 0.654 ms - -[0m
2022-02-02 12:25:30 info: =================================
2022-02-02 12:25:30 info: ======= ENV: development =======
2022-02-02 12:25:30 info: 🚀 App listening on the port 3000
2022-02-02 12:25:30 info: =================================
2022-02-02 12:27:11 info: =================================
2022-02-02 12:27:11 info: ======= ENV: development =======
2022-02-02 12:27:11 info: 🚀 App listening on the port 3000
2022-02-02 12:27:11 info: =================================
2022-02-02 12:27:13 info: [0mGET /tasks [33m404[0m 5.028 ms - 144[0m
2022-02-02 12:27:47 info: =================================
2022-02-02 12:27:47 info: ======= ENV: development =======
2022-02-02 12:27:47 info: 🚀 App listening on the port 3000
2022-02-02 12:27:47 info: =================================
2022-02-02 12:27:50 info: =================================
2022-02-02 12:27:50 info: ======= ENV: development =======
2022-02-02 12:27:50 info: 🚀 App listening on the port 3000
2022-02-02 12:27:50 info: =================================
2022-02-02 12:27:54 info: =================================
2022-02-02 12:27:54 info: ======= ENV: development =======
2022-02-02 12:27:54 info: 🚀 App listening on the port 3000
2022-02-02 12:27:54 info: =================================
2022-02-02 12:27:57 info: =================================
2022-02-02 12:27:57 info: ======= ENV: development =======
2022-02-02 12:27:57 info: 🚀 App listening on the port 3000
2022-02-02 12:27:57 info: =================================
2022-02-02 12:28:07 info: =================================
2022-02-02 12:28:07 info: ======= ENV: development =======
2022-02-02 12:28:07 info: 🚀 App listening on the port 3000
2022-02-02 12:28:07 info: =================================
2022-02-02 12:28:08 info: [0mGET /tasks [33m404[0m 5.475 ms - 144[0m
2022-02-02 12:28:19 info: =================================
2022-02-02 12:28:19 info: ======= ENV: development =======
2022-02-02 12:28:19 info: 🚀 App listening on the port 3000
2022-02-02 12:28:19 info: =================================
2022-02-02 12:28:37 info: [0mGET /users [36m304[0m 5.420 ms - -[0m
2022-02-02 12:28:56 info: =================================
2022-02-02 12:28:56 info: ======= ENV: development =======
2022-02-02 12:28:56 info: 🚀 App listening on the port 3000
2022-02-02 12:28:56 info: =================================
2022-02-02 12:29:00 info: =================================
2022-02-02 12:29:00 info: ======= ENV: development =======
2022-02-02 12:29:00 info: 🚀 App listening on the port 3000
2022-02-02 12:29:00 info: =================================
2022-02-02 12:29:02 info: [0mGET /tasks [33m404[0m 7.941 ms - 144[0m
2022-02-02 12:29:11 info: =================================
2022-02-02 12:29:11 info: ======= ENV: development =======
2022-02-02 12:29:11 info: 🚀 App listening on the port 3000
2022-02-02 12:29:11 info: =================================
2022-02-02 12:29:24 info: =================================
2022-02-02 12:29:24 info: ======= ENV: development =======
2022-02-02 12:29:24 info: 🚀 App listening on the port 3000
2022-02-02 12:29:24 info: =================================
2022-02-02 12:29:24 info: [0mGET /tasks [33m404[0m 4.927 ms - 144[0m
2022-02-02 12:29:27 info: [0mGET /tasks [33m404[0m 1.666 ms - 144[0m
2022-02-02 12:29:46 info: =================================
2022-02-02 12:29:46 info: ======= ENV: development =======
2022-02-02 12:29:46 info: 🚀 App listening on the port 3000
2022-02-02 12:29:46 info: =================================
2022-02-02 12:29:50 info: =================================
2022-02-02 12:29:50 info: ======= ENV: development =======
2022-02-02 12:29:50 info: 🚀 App listening on the port 3000
2022-02-02 12:29:50 info: =================================
2022-02-02 12:29:52 info: [0mGET / [36m304[0m 5.918 ms - -[0m
2022-02-02 12:30:00 info: [0mGET /users [36m304[0m 1.072 ms - -[0m
2022-02-02 12:30:08 info: =================================
2022-02-02 12:30:08 info: ======= ENV: development =======
2022-02-02 12:30:08 info: 🚀 App listening on the port 3000
2022-02-02 12:30:08 info: =================================
2022-02-02 12:30:08 info: [0mGET /users [36m304[0m 4.071 ms - -[0m
2022-02-02 12:30:23 info: =================================
2022-02-02 12:30:23 info: ======= ENV: development =======
2022-02-02 12:30:23 info: 🚀 App listening on the port 3000
2022-02-02 12:30:23 info: =================================
2022-02-02 12:30:24 info: [0mGET /users [36m304[0m 5.601 ms - -[0m
2022-02-02 12:30:54 info: =================================
2022-02-02 12:30:54 info: ======= ENV: development =======
2022-02-02 12:30:54 info: 🚀 App listening on the port 3000
2022-02-02 12:30:54 info: =================================
2022-02-02 12:33:43 info: =================================
2022-02-02 12:33:43 info: ======= ENV: development =======
2022-02-02 12:33:43 info: 🚀 App listening on the port 3000
2022-02-02 12:33:43 info: =================================
2022-02-02 12:33:47 info: =================================
2022-02-02 12:33:47 info: ======= ENV: development =======
2022-02-02 12:33:47 info: 🚀 App listening on the port 3000
2022-02-02 12:33:47 info: =================================
2022-02-02 12:34:08 info: =================================
2022-02-02 12:34:08 info: ======= ENV: development =======
2022-02-02 12:34:08 info: 🚀 App listening on the port 3000
2022-02-02 12:34:08 info: =================================
2022-02-02 12:34:10 info: =================================
2022-02-02 12:34:10 info: ======= ENV: development =======
2022-02-02 12:34:10 info: 🚀 App listening on the port 3000
2022-02-02 12:34:10 info: =================================
2022-02-02 12:34:11 info: [0mGET /users [36m304[0m 5.241 ms - -[0m
2022-02-02 12:34:12 info: [0mGET /users [36m304[0m 0.999 ms - -[0m
2022-02-02 12:34:12 info: [0mGET /users [36m304[0m 0.539 ms - -[0m
2022-02-02 12:34:13 info: [0mGET /users [36m304[0m 0.540 ms - -[0m
2022-02-02 12:34:13 info: [0mGET /users [36m304[0m 0.506 ms - -[0m
2022-02-02 12:34:29 info: =================================
2022-02-02 12:34:29 info: ======= ENV: development =======
2022-02-02 12:34:29 info: 🚀 App listening on the port 3000
2022-02-02 12:34:29 info: =================================
2022-02-02 12:34:29 info: [0mGET /users [36m304[0m 11.404 ms - -[0m
2022-02-02 12:35:15 info: =================================
2022-02-02 12:35:15 info: ======= ENV: development =======
2022-02-02 12:35:15 info: 🚀 App listening on the port 3000
2022-02-02 12:35:15 info: =================================
2022-02-02 12:44:39 info: [0mGET /tasks [33m404[0m 9.702 ms - 144[0m
2022-02-02 12:44:51 info: [0mGET / [36m304[0m 1.952 ms - -[0m
2022-02-02 12:44:58 info: [0mGET /tasks [33m404[0m 0.785 ms - 144[0m
2022-02-02 12:45:01 info: [0mGET /users [36m304[0m 3.464 ms - -[0m
2022-02-02 12:45:43 info: =================================
2022-02-02 12:45:43 info: ======= ENV: development =======
2022-02-02 12:45:43 info: 🚀 App listening on the port 3000
2022-02-02 12:45:43 info: =================================
2022-02-02 12:46:17 info: =================================
2022-02-02 12:46:17 info: ======= ENV: development =======
2022-02-02 12:46:17 info: 🚀 App listening on the port 3000
2022-02-02 12:46:17 info: =================================
2022-02-02 12:46:20 info: =================================
2022-02-02 12:46:20 info: ======= ENV: development =======
2022-02-02 12:46:20 info: 🚀 App listening on the port 3000
2022-02-02 12:46:20 info: =================================
2022-02-02 13:07:07 info: =================================
2022-02-02 13:07:07 info: ======= ENV: development =======
2022-02-02 13:07:07 info: 🚀 App listening on the port 3000
2022-02-02 13:07:07 info: =================================
2022-02-02 13:08:32 info: =================================
2022-02-02 13:08:32 info: ======= ENV: development =======
2022-02-02 13:08:32 info: 🚀 App listening on the port 3000
2022-02-02 13:08:32 info: =================================
